生成启动时间为 2015/12/13 4:39:16。
     1>项目“C:\Users\cjy\Documents\GitHub\XMLParser\build\windows\XMLParser\XMLParser.vcxproj”在节点 2 上(Build 个目标)。
     1>ClCompile:
         D:\Program Files\Microsoft Visual Studio 12.0\VC\bin\CL.exe /c /ZI /nologo /W3 /WX- /Od /Oy- /D WIN32 /D _DEBUG /D _CONSOLE /D _LIB /D _UNICODE /D UNICODE /Gm /EHsc /RTC1 /MDd /GS /fp:precise /Zc:wchar_t /Zc:forScope /Fo"Debug\\" /Fd"Debug\vc120.pdb" /Gd /TC /analyze- /errorReport:prompt ..\..\..\file_io.c
         file_io.c
     1>c:\users\cjy\documents\github\xmlparser\file_io.c(12): warning C4996: 'fopen': This function or variable may be unsafe. Consider using fopen_s instead. To disable deprecation, use _CRT_SECURE_NO_WARNINGS. See online help for details.
                 d:\program files\microsoft visual studio 12.0\vc\include\stdio.h(211) : 参见“fopen”的声明
     1>c:\users\cjy\documents\github\xmlparser\file_io.c(17): warning C4996: 'fopen': This function or variable may be unsafe. Consider using fopen_s instead. To disable deprecation, use _CRT_SECURE_NO_WARNINGS. See online help for details.
                 d:\program files\microsoft visual studio 12.0\vc\include\stdio.h(211) : 参见“fopen”的声明
     1>c:\users\cjy\documents\github\xmlparser\file_io.c(26): warning C4244: “函数”: 从“int64_t”转换到“size_t”，可能丢失数据
     1>c:\users\cjy\documents\github\xmlparser\file_io.c(27): warning C4244: “函数”: 从“int64_t”转换到“size_t”，可能丢失数据
     1>c:\users\cjy\documents\github\xmlparser\file_io.c(59): warning C4996: 'strcpy': This function or variable may be unsafe. Consider using strcpy_s instead. To disable deprecation, use _CRT_SECURE_NO_WARNINGS. See online help for details.
                 d:\program files\microsoft visual studio 12.0\vc\include\string.h(112) : 参见“strcpy”的声明
     1>c:\users\cjy\documents\github\xmlparser\file_io.c(74): warning C4244: “函数”: 从“int64_t”转换到“size_t”，可能丢失数据
       Link:
         D:\Program Files\Microsoft Visual Studio 12.0\VC\bin\link.exe /ERRORREPORT:PROMPT /OUT:"C:\Users\cjy\Documents\GitHub\XMLParser\build\windows\Debug\XMLParser.exe" /INCREMENTAL /NOLOGO kernel32.lib user32.lib gdi32.lib winspool.lib comdlg32.lib advapi32.lib shell32.lib ole32.lib oleaut32.lib uuid.lib odbc32.lib odbccp32.lib /MANIFEST /MANIFESTUAC:"level='asInvoker' uiAccess='false'" /manifest:embed /DEBUG /PDB:"C:\Users\cjy\Documents\GitHub\XMLParser\build\windows\Debug\XMLParser.pdb" /SUBSYSTEM:CONSOLE /TLBID:1 /DYNAMICBASE /NXCOMPAT /IMPLIB:"C:\Users\cjy\Documents\GitHub\XMLParser\build\windows\Debug\XMLParser.lib" /MACHINE:X86 Debug\divide_event.obj
         Debug\file_io.obj
         Debug\main.obj
         Debug\parse_event.obj
         Debug\post_process.obj
         XMLParser.vcxproj -> C:\Users\cjy\Documents\GitHub\XMLParser\build\windows\Debug\XMLParser.exe
     1>已完成生成项目“C:\Users\cjy\Documents\GitHub\XMLParser\build\windows\XMLParser\XMLParser.vcxproj”(Build 个目标)的操作。

生成成功。

已用时间 00:00:00.56
